0
0
0
1
2
3
4
4
5
5
6
6
7
7
8
8
9
9
10
11
12
13
14
15
15
15
15
16
16
17
17
18
19
20
21
21
22
23
24
25
26
26
27
28
28
28
29
29
30
31
31
31
32
33
33
34
35
35
36
37
37
38
39
40
40
41
42
43
44
44
45
45
46
47
48
48
49
50
51
51
51
52
53
54
55
55
56
57
57
57
58
59
59
60
61
61
62
63
64
64
65
65
65
66
66
66
67
67
68
68
68
69
69
70
71
71
71
72
73
74
74
75
75
75
76
77
78
79
80
80
80
81
81
82
83
83
84
85
86
87
88
88
89
89
90
91
91
91
92
92
93
94
94
95
95
96
96
97
98
99
100
100
101
102
103
104
104
104
104
105
105
105
106
107
108
108
109
109
109
110
110
111
111
112
113
114
115
115
115
116
116
117
118
118
119
119
120
121
121
122
123
123
124
124
125
126
126
127
127
127
128
128
128
129
129
130
130
130
130
131
132
132
133
134
135
135
135
136
137
137
137
137
138
139
139
139
140
141
142
142
143
144
144
145
146
146
147
148
149
150
151
152
152
152
153
153
154
154
154
155
156
156
157
157
158
159
159
159
159
160
161
162
163
164
165
165
165
165
166
166
166
167
168
169
170
170
171
172
173
174
175
175
176
176
177
178
178
179
180
180
181
182
183
184
185
185
186
186
186
187
187
188
189
189
190
191
192
193
194
195
196
197
197
198
199
199
199
200
201
202
203
204
204
205
206
206
207
208
208
209
210
210
211
211
212
212
212
213
214
214
215
215
216
217
218
218
219
220
221
222
223
224
224
225
226
227
227
228
229
229
230
230
231
231
232
232
232
232
233
233
234
235
235
236
237
238
239
239
240
240
241
242
242
242
243
244
245
245
246
246
247
247
248
249
250
251
252
253
254
255
255
255
256
256
257
258
259
260
260
261
261
262
262
263
263
264
265
265
266
266
266
267
268
268
268
268
269
269
269
269
270
271
272
272
273
274
275
275
276
276
277
278
279
280
281
281
281
282
283
284
285
285
286
286
286
287
288
288
289
290
291
291
292
293
293
293
294
295
295
296
296
297
298
299
300
301
301
302
303
304
305
306
307
307
307
308
308
309
310
311
312
